make all --print-data-base --no-builtin-variables --no-builtin-rules --question
# GNU Make 3.81
# Copyright (C) 2006  Free Software Foundation, Inc.
# This is free software; see the source for copying conditions.
# There is NO warranty; not even for MERCHANTABILITY or FITNESS FOR A
# PARTICULAR PURPOSE.

# This program built for i386-apple-darwin11.3.0
 

 
# Make data base, printed on Mon Apr 18 13:17:32 2022

# Variables

# automatic
<D = $(patsubst %/,%,$(dir $<))
# automatic
?F = $(notdir $?)
# makefile (from `Makefile', line 18)
OBJ = $(addprefix $(OBJ_DIR)/, $(addsuffix .o, $(SRC)))
# makefile (from `Makefile', line 12)
SRC = frac_plot fractol mandelbrot julia burningship frac_hook frac_color frac_scale frac_exit
# environment
VSCODE_LOG_NATIVE = false
# automatic
?D = $(patsubst %/,%,$(dir $?))
# automatic
@D = $(patsubst %/,%,$(dir $@))
# automatic
@F = $(notdir $@)
# makefile
CURDIR := /Users/greatng/42Bangkok/42cursus/fractol
# makefile
SHELL = /bin/sh
# makefile (from `Makefile', line 5)
RM = rm -rf
# environment
VSCODE_NLS_CONFIG = {"locale":"en-us","availableLanguages":{},"_languagePackSupport":true}
# makefile (from `Makefile', line 21)
MLX = -Lmlx -lmlx -framework OpenGL -framework Appkit
# environment
_ = /usr/bin/make
# makefile (from `Makefile', line 4)
CFLAGS = -Wall -Wextra -Werror
# makefile (from `Makefile', line 29)
BLUE = \033[38;5;4m
# makefile (from `Makefile', line 1)
MAKEFILE_LIST :=  Makefile
# makefile (from `Makefile', line 17)
OBJ_DIR = obj
# environment
VSCODE_VERBOSE_LOGGING = true
# makefile (from `Makefile', line 2)
LEAKS = -fsanitize=address -fno-omit-frame-pointer
# environment
__CFBundleIdentifier = com.microsoft.VSCode
# environment
INFOPATH = /opt/homebrew/share/info:
# environment
VSCODE_IPC_HOOK_EXTHOST = /var/folders/ld/sh1sblf11kd9n_lxmzlt97lm0000gn/T/vscode-ipc-d0966d74-9089-41c8-a7e1-95ec8e97c706.sock
# environment
VSCODE_CWD = /
# environment
PATH = /Users/greatng/bin:/opt/homebrew/bin:/opt/homebrew/sbin:/usr/local/sbin:/usr/local/bin:/Applications/VMware Fusion Tech Preview.app/Contents/Public:/opt/X11/bin:/usr/bin:/bin:/usr/sbin:/sbin:/Users/greatng/.cache/zsh4humans/v5/fzf/bin
# environment
LSCOLORS = ExGxDxDxCxDxDxFxFxexEx
# environment
LaunchInstanceID = 04A347C3-2359-4FA1-8F86-305A60923492
# environment
VSCODE_LOG_STACK = false
# environment
ELECTRON_RUN_AS_NODE = 1
# environment
TERMINFO = /Users/greatng/.terminfo
# default
.FEATURES := target-specific order-only second-expansion else-if archives jobserver check-symlink
# environment
LS_COLORS = fi=00:mi=00:mh=00:ln=01;36:or=01;31:di=01;34:ow=04;01;34:st=34:tw=04;34:pi=01;33:so=01;33:do=01;33:bd=01;33:cd=01;33:su=01;35:sg=01;35:ca=01;35:ex=01;32
# environment
SSH_AUTH_SOCK = /private/tmp/com.apple.launchd.0de8Yae9oe/Listeners
# automatic
%F = $(notdir $%)
# environment
DISPLAY = /private/tmp/com.apple.launchd.bpUsTNHR21/org.xquartz:0
# environment
VSCODE_PIPE_LOGGING = true
# environment
PWD = /Users/greatng/42Bangkok/42cursus/fractol
# environment
HOMEBREW_CELLAR = /opt/homebrew/Cellar
# environment
ORIGINAL_XDG_CURRENT_DESKTOP = undefined
# makefile (from `Makefile', line 26)
GREEN = \033[38;5;2m
# environment
MANPATH = /opt/homebrew/share/man:/usr/share/man:/usr/local/share/man:/opt/X11/share/man:/Users/greatng/.cache/zsh4humans/v5/fzf/man:
# environment
VSCODE_AMD_ENTRYPOINT = vs/workbench/api/node/extensionHostProcess
# environment
HOME = /Users/greatng
# default
MAKEFILEPATH = $(shell /usr/bin/xcode-select -print-path 2>/dev/null || echo /Developer)/Makefiles
# environment
VSCODE_CODE_CACHE_PATH = /Users/greatng/Library/Application Support/Code/CachedData/dfd34e8260c270da74b5c2d86d61aee4b6d56977
# environment
LOGNAME = greatng
# environment
APPLICATION_INSIGHTS_NO_DIAGNOSTIC_CHANNEL = 1
# makefile (from `Makefile', line 9)
HEADERS = $(addprefix $(HEADER_DIR)/, $(addsuffix .h, $(HEADER)))
# environment
VSCODE_HANDLES_UNCAUGHT_ERRORS = true
# makefile (from `Makefile', line 27)
NORMAL = \033[38;5;255m
# automatic
^D = $(patsubst %/,%,$(dir $^))
# environment
XPC_FLAGS = 0x0
# default
MAKE = $(MAKE_COMMAND)
# default
MAKECMDGOALS := all
# makefile (from `Makefile', line 15)
SRCS = $(addprefix $(SRC_DIR)/, $(addsuffix .c, $(SRC)))
# environment
SHLVL = 1
# makefile (from `Makefile', line 24)
LIBFT = $(LIBFT_PATH)/libft.a
# makefile (from `Makefile', line 3)
CC = gcc
# default
MAKE_VERSION := 3.81
# environment
USER = greatng
# makefile
.DEFAULT_GOAL := all
# makefile (from `Makefile', line 1)
NAME = fractol
# environment
LESS = -iRFXMx4
# automatic
%D = $(patsubst %/,%,$(dir $%))
# default
MAKE_COMMAND := /Library/Developer/CommandLineTools/usr/bin/make
# makefile (from `Makefile', line 7)
HEADER_DIR = includes
# default
.VARIABLES := 
# environment
TMPDIR = /var/folders/ld/sh1sblf11kd9n_lxmzlt97lm0000gn/T/
# automatic
*F = $(notdir $*)
# environment
VSCODE_IPC_HOOK = /Users/greatng/Library/Application Support/Code/1.66.2-main.sock
# makefile (from `Makefile', line 28)
RED = \033[38;5;1m
# makefile (from `Makefile', line 20)
ARCH = arch -x86_64
# makefile
MAKEFLAGS = Rrqp
# environment
MFLAGS = -Rrqp
# automatic
*D = $(patsubst %/,%,$(dir $*))
# environment
XPC_SERVICE_NAME = application.com.microsoft.VSCode.8567989.8567995
# environment
HOMEBREW_PREFIX = /opt/homebrew
# automatic
+D = $(patsubst %/,%,$(dir $+))
# automatic
+F = $(notdir $+)
# environment
HOMEBREW_REPOSITORY = /opt/homebrew
# environment
__CF_USER_TEXT_ENCODING = 0x1F5:0x0:0x0
# environment
COMMAND_MODE = unix2003
# default
MAKEFILES := 
 
# makefile (from `Makefile', line 11)
SRC_DIR = src
# automatic
<F = $(notdir $<)
# environment
TREE_COLORS = fi=00:mi=00:mh=00:ln=01;36:or=01;31:di=01;34:ow=01;34:st=34:tw=34:pi=01;33:so=01;33:do=01;33:bd=01;33:cd=01;33:su=01;35:sg=01;35:ca=01;35:ex=01;32
# makefile (from `Makefile', line 23)
LIBFT_PATH = ./libft
# environment
PAGER = less
# environment
LC_ALL = C
# makefile (from `Makefile', line 8)
HEADER = fractol
# environment
SECURITYSESSIONID = 186a5
# automatic
^F = $(notdir $^)
# default
SUFFIXES := 
# environment
MAKELEVEL := 0
# environment
GPG_TTY = 
# environment
LANG = C
# environment
TERM = xterm-256color
# environment
VSCODE_PID = 463
# variable set hash-table stats:
# Load=98/1024=10%, Rehash=0, Collisions=7/140=5%

# Pattern-specific Variable Values

# No pattern-specific variable values.

# Directories

# . (device 16777230, inode 7338726): 12 files, no impossibilities.
# includes (device 16777230, inode 7339005): 3 files, no impossibilities so far.
# src (device 16777230, inode 7339035): 11 files, no impossibilities so far.

# 26 files, no impossibilities in 3 directories.

# Implicit Rules

obj/%.o: src/%.c includes/fractol.h
#  commands to execute (from `Makefile', line 39):
	@mkdir -p $(OBJ_DIR)
	@echo "$(GREEN)Compiling:$(NORMAL)"
	$(ARCH) $(CC) -c $< -o $@ 			
	

# 1 implicit rules, 0 (0.0%) terminal.

# Files

fractol: libft/libft.a obj/frac_plot.o obj/fractol.o obj/mandelbrot.o obj/julia.o obj/burningship.o obj/frac_hook.o obj/frac_color.o obj/frac_scale.o obj/frac_exit.o
#  Implicit rule search has not been done.
#  Last modified 2022-04-18 13:10:56
#  File has been updated.
#  Successfully updated.
# variable set hash-table stats:
# Load=0/32=0%, Rehash=0, Collisions=0/0=0%
#  commands to execute (from `Makefile', line 35):
	@echo "$(GREEN)Compiling:$(NORMAL)"
	$(ARCH) $(CC) $(CFLAGS) $(MLX) $(LIBFT) $(OBJ) $< -o $(NAME)
	

obj/frac_color.o: src/frac_color.c includes/fractol.h
#  Implicit rule search has been done.
#  Implicit/static pattern stem: `frac_color'
#  Last modified 2022-04-18 12:49:17
#  File has been updated.
#  Successfully updated.
# variable set hash-table stats:
# Load=0/32=0%, Rehash=0, Collisions=0/0=0%
#  commands to execute (from `Makefile', line 39):
	@mkdir -p $(OBJ_DIR)
	@echo "$(GREEN)Compiling:$(NORMAL)"
	$(ARCH) $(CC) -c $< -o $@ 			
	

obj/julia.o: src/julia.c includes/fractol.h
#  Implicit rule search has been done.
#  Implicit/static pattern stem: `julia'
#  Last modified 2022-04-18 12:49:17
#  File has been updated.
#  Successfully updated.
# variable set hash-table stats:
# Load=0/32=0%, Rehash=0, Collisions=0/0=0%
#  commands to execute (from `Makefile', line 39):
	@mkdir -p $(OBJ_DIR)
	@echo "$(GREEN)Compiling:$(NORMAL)"
	$(ARCH) $(CC) -c $< -o $@ 			
	

obj/frac_scale.o: src/frac_scale.c includes/fractol.h
#  Implicit rule search has been done.
#  Implicit/static pattern stem: `frac_scale'
#  Last modified 2022-04-18 13:10:55
#  File has been updated.
#  Successfully updated.
# variable set hash-table stats:
# Load=0/32=0%, Rehash=0, Collisions=0/0=0%
#  commands to execute (from `Makefile', line 39):
	@mkdir -p $(OBJ_DIR)
	@echo "$(GREEN)Compiling:$(NORMAL)"
	$(ARCH) $(CC) -c $< -o $@ 			
	

all: fractol
#  Phony target (prerequisite of .PHONY).
#  Command-line target.
#  Implicit rule search has not been done.
#  File does not exist.
#  File has been updated.
#  Successfully updated.
# variable set hash-table stats:
# Load=0/32=0%, Rehash=0, Collisions=0/0=0%

.PHONY: all clean fclean re
#  Implicit rule search has not been done.
#  Modification time never checked.
#  File has not been updated.

obj/mandelbrot.o: src/mandelbrot.c includes/fractol.h
#  Implicit rule search has been done.
#  Implicit/static pattern stem: `mandelbrot'
#  Last modified 2022-04-18 13:10:55
#  File has been updated.
#  Successfully updated.
# variable set hash-table stats:
# Load=0/32=0%, Rehash=0, Collisions=0/0=0%
#  commands to execute (from `Makefile', line 39):
	@mkdir -p $(OBJ_DIR)
	@echo "$(GREEN)Compiling:$(NORMAL)"
	$(ARCH) $(CC) -c $< -o $@ 			
	

pig:
#  Implicit rule search has not been done.
#  Modification time never checked.
#  File has not been updated.
#  commands to execute (from `Makefile', line 63):
	@echo "                    *                                             .                       \n\
	\n\
	°oO#@@@@@@@@#*   ..°°°°°°.  *@@@@@@@@@#O*.                         \n\
	O@@@@@@@@@@@@@@@@@  @@@@@@@@@@  @@@@@@@@@@@@@@@@o.                     \n\
	@@@@@@@@@@@@@@@@@@* O@@@@@@@@@@  @@@@@@@@@@@@@@@@@@@                    \n\
	o@@@@@@@@@@@@@@@@o *@@@@@@@@@@@o O@@@@@@@@@@@@@@@@@°                    \n\
	.@@@@@@@@@@@@@@  O@@@@@@@@@@@@@° O@@@@@@@@@@@@@#°                      \n\
	@    .O@@@@@@@@@° .@@@@@@@@@@@@@@@@o  #@@@@@@@@o°  °@@o                   \n\
	O@@*  .*oo*°  °@@@@@@@@@@@@@@@@@@@@*  .°°°.  .o@@@@@@@*  @              \n\
	°@@@@@@@#oo*oO@@@@@@@@@@@@@@@@@@@@@@@@@@#OO##@@@@@@@@@@@@#                \n\
	o@@@@@@@@@@@@@@@@@@@@@@@@@@@@@@@@@@@@@@@@@@@@@@@@@@@@@@@@@@@               \n\
	°@@@@@@@@@@@@@@@@@@@@@@@@@@@@@@@@@@@@@@@@@@@@@@@@@@@@@@@@@@@@@              \n\
	@  @@@@@@@@@@@@@@@@@@@@@@@@@@@@@@@@@@@@@@@@@@@@@@@@@@@@@@@@@@@@@@@  @          \n\
	o@@@@@@@@@@@@@@@@@@@@@@@@@@@@@@@@@@@@@@@@@@@@@@@@@@@@@@@@@@@@@@@o            \n\
	@@@@@@@@@@@@@@@°  #@@@@@@@@@@@@*  o@@@@@@@@@@@@@@@@@@@@@@@@@@@@@@  °         \n\
	@@@@@@@@@@@@@@@@O.°@@@@@@@@@@@@@#°*@@@@@@@@@@@@@@@@@@@@@@@@@@@@@@@*           \n\
	#@@@@@@@@@@@@@@@@@@@#OOOOOOOOOOO##@@@@@@@@@@@@@@@@@@@@@@@@@@@@@@@@@#           \n\
	*@@@@@@@@@@@@@@@@@OOOO##OO###OO##OOOO#@@@@@@@@@@@@@@@@@@@@@@@@@@@@@@@           \n\
	@@@@@@@@@@@@@@@@@@O##O#o  O#O  *#O###O@@@@@@@@@@@@@@@@@@@@@@@@@@@@@@@           \n\
	@@@@@@@@@@@@@@@@@@@#OOOOooO##ooOOOOO#@@@@@@@@@@@@@@@@@@@@@@@@@@@@@@@@           \n\
	@@@@@@@@@#@@@@@@@@@@@@##@##OO#####@@@@@@@@@@@@@@@@@@@@@@@@@@@@@@@@@@°           \n\
	°@@@@@@###@@@@@@@@@@@@@@°#@@@@#.o@@@@@@@@@@@@@@@@@@###@@@@@@@@@@@@@@            \n\
	o@@@@@@@@@@@@@@@@@@@@@@o°°°°°°o@@@@@@@@@@@@@@@@@@@@@@@@@@@@@@@@@@@             \n\
	°@@@@@@@@@@@@@@@@@@@@@@@@@@@@@@@@@@@@@@@@@@@@@@@@@@@@@@@@@@@@@@#              \n\
	o@@@@@@@@@@@@@@@@@@@@@@@@@@@@@@@@@@@@@@@@@@@@@@@@@@@@@@@@@@@*  @            \n\
	.O@@@@@@@@@@@@@@@@@@@@@@@@@@@@@@@@@@@@@@@@@@@@@@@@@@@@@@*                 \n\
	.O@@@@@@@@@@@@@@@@@@@@@@@@@@@@@@@@@@@@@@@####@@@@#o                    \n\
	°*#@@@@@@@@@@@@@@@@@@@@@@@@@@@@@#°..      °  .o@#°                \n\
	*  °oO* °@@@@@@@@@@@@@@@@@@@@@@@@@@@. ..  ...    @@@@@@O               \n\
	.  @@@@@° @@@@@@@@@@@@@@@@@@@@@#°...     O@@@@@@  @@@@@@@@              \n\
	@@@@O .@@@@@@@@@@@@@@@@@@@@* *@@@@@@@@@@@@@@@o o@@@@@@@#             \n\
	.°  *@@@@@@@@@@@@@@@@@@@@@* o@@@@@@@@@@@@* #@  @@@@@@@@*            \n\
	@@@@@@@@@@@@@@@@@@@@@@@@@#  .*O#@@@#O*   oo  @@@@@@@@O            \n\
	. .@@@@@@@@@@@@@@@@@@@@@@@@@@@@O*°....    ....  #@@@@@@@#            \n\
	°@@@@@@@@@@@@@@@@@@@@@@@@@@@@@@@@@@@@@@O**°°  #@@@@@@@*            \n\
	.@@@@@@@@@@@@@@@@@@@@@@@@@@@@@@@@@@@@@@@@@@@° #@@@@@@*             \n\
	@@@@@@@@@@@@@@@@@@@@@@@@@@@@@@@@@@@@@@@@@@@  @@##o°               \n\
	O@@@@@@@@@@@@@@@@@@@@@@@@@@@@@@@@@@@@@@@@@o                       \n\
	°  @@@@@@@@@@@@@@@@@@@@@@@@@@@@@@@@@@@@@@@@#                        \n\
	@@@@@@@@@@@@@@@@@@@@@@@@@@@@@@@@@@@@@@@      °                  \n\
	pipex compile completed"
	

# Not a target:
.SUFFIXES:
#  Implicit rule search has not been done.
#  Modification time never checked.
#  File has not been updated.

# Not a target:
Makefile:
#  Implicit rule search has been done.
#  Last modified 2022-04-18 13:11:37
#  File has been updated.
#  Successfully updated.
# variable set hash-table stats:
# Load=0/32=0%, Rehash=0, Collisions=0/0=0%

# Not a target:
src/frac_color.c:
#  Implicit rule search has been done.
#  Last modified 2022-04-13 00:00:37
#  File has been updated.
#  Successfully updated.
# variable set hash-table stats:
# Load=0/32=0%, Rehash=0, Collisions=0/0=0%

# Not a target:
src/julia.c:
#  Implicit rule search has been done.
#  Last modified 2022-04-13 17:17:50
#  File has been updated.
#  Successfully updated.
# variable set hash-table stats:
 
# Load=0/32=0%, Rehash=0, Collisions=0/0=0%

# Not a target:
src/frac_scale.c:
#  Implicit rule search has been done.
#  Last modified 2022-04-18 13:10:51
#  File has been updated.
#  Successfully updated.
# variable set hash-table stats:
# Load=0/32=0%, Rehash=0, Collisions=0/0=0%

# Not a target:
src/mandelbrot.c:
#  Implicit rule search has been done.
#  Last modified 2022-04-18 12:54:27
#  File has been updated.
#  Successfully updated.
# variable set hash-table stats:
# Load=0/32=0%, Rehash=0, Collisions=0/0=0%

obj/fractol.o: src/fractol.c includes/fractol.h
#  Implicit rule search has been done.
#  Implicit/static pattern stem: `fractol'
#  Last modified 2022-04-18 12:49:17
#  File has been updated.
#  Successfully updated.
# variable set hash-table stats:
# Load=0/32=0%, Rehash=0, Collisions=0/0=0%
#  commands to execute (from `Makefile', line 39):
	@mkdir -p $(OBJ_DIR)
	@echo "$(GREEN)Compiling:$(NORMAL)"
	$(ARCH) $(CC) -c $< -o $@ 			
	

# Not a target:
includes/fractol.h:
#  Implicit rule search has been done.
#  Last modified 2022-04-13 23:21:20
#  File has been updated.
#  Successfully updated.
# variable set hash-table stats:
# Load=0/32=0%, Rehash=0, Collisions=0/0=0%

libft/libft.a:
#  Implicit rule search has not been done.
#  Last modified 2022-04-18 12:49:17
#  File has been updated.
#  Successfully updated.
#  commands to execute (from `Makefile', line 44):
	@make -C $(LIBFT_PATH) all
	

fclean: clean
#  Phony target (prerequisite of .PHONY).
#  Implicit rule search has not been done.
#  File does not exist.
#  File has not been updated.
#  commands to execute (from `Makefile', line 54):
	@make -C $(LIBFT_PATH) fclean
	@$(RM) -rf $(NAME) $(OBJ) $(OBJ_DIR)
	@make pig
	

leaks: libft/libft.a obj/frac_plot.o obj/fractol.o obj/mandelbrot.o obj/julia.o obj/burningship.o obj/frac_hook.o obj/frac_color.o obj/frac_scale.o obj/frac_exit.o
#  Implicit rule search has not been done.
#  Modification time never checked.
#  File has not been updated.
#  commands to execute (from `Makefile', line 47):
	@echo "$(GREEN)Compiling:$(NORMAL)"
	$(ARCH) $(CC) $(LEAKS) $(MLX) $(LIBFT) $(OBJ) $< -o $(NAME)
	

# Not a target:
.DEFAULT:
#  Implicit rule search has not been done.
#  Modification time never checked.
#  File has not been updated.

obj/frac_hook.o: src/frac_hook.c includes/fractol.h
#  Implicit rule search has been done.
#  Implicit/static pattern stem: `frac_hook'
#  Last modified 2022-04-18 12:49:17
#  File has been updated.
#  Successfully updated.
# variable set hash-table stats:
# Load=0/32=0%, Rehash=0, Collisions=0/0=0%
#  commands to execute (from `Makefile', line 39):
	@mkdir -p $(OBJ_DIR)
	@echo "$(GREEN)Compiling:$(NORMAL)"
	$(ARCH) $(CC) -c $< -o $@ 			
	

obj/burningship.o: src/burningship.c includes/fractol.h
#  Implicit rule search has been done.
#  Implicit/static pattern stem: `burningship'
#  Last modified 2022-04-18 13:10:55
#  File has been updated.
#  Successfully updated.
# variable set hash-table stats:
# Load=0/32=0%, Rehash=0, Collisions=0/0=0%
#  commands to execute (from `Makefile', line 39):
	@mkdir -p $(OBJ_DIR)
	@echo "$(GREEN)Compiling:$(NORMAL)"
	$(ARCH) $(CC) -c $< -o $@ 			
	

# Not a target:
src/fractol.c:
#  Implicit rule search has been done.
#  Last modified 2022-04-13 22:45:47
#  File has been updated.
#  Successfully updated.
# variable set hash-table stats:
# Load=0/32=0%, Rehash=0, Collisions=0/0=0%

re: fclean all
#  Phony target (prerequisite of .PHONY).
#  Implicit rule search has not been done.
#  File does not exist.
#  File has not been updated.

clean:
#  Phony target (prerequisite of .PHONY).
#  Implicit rule search has not been done.
#  File does not exist.
#  File has not been updated.
#  commands to execute (from `Makefile', line 51):
	@make -C $(LIBFT_PATH) clean
	@$(RM) $(NAME)
	

obj/frac_plot.o: src/frac_plot.c includes/fractol.h
#  Implicit rule search has been done.
#  Implicit/static pattern stem: `frac_plot'
#  Last modified 2022-04-18 12:49:17
#  File has been updated.
#  Successfully updated.
# variable set hash-table stats:
# Load=0/32=0%, Rehash=0, Collisions=0/0=0%
#  commands to execute (from `Makefile', line 39):
	@mkdir -p $(OBJ_DIR)
	@echo "$(GREEN)Compiling:$(NORMAL)"
	$(ARCH) $(CC) -c $< -o $@ 			
	

obj/frac_exit.o: src/frac_exit.c includes/fractol.h
#  Implicit rule search has been done.
#  Implicit/static pattern stem: `frac_exit'
#  Last modified 2022-04-18 12:49:17
#  File has been updated.
#  Successfully updated.
# variable set hash-table stats:
# Load=0/32=0%, Rehash=0, Collisions=0/0=0%
#  commands to execute (from `Makefile', line 39):
	@mkdir -p $(OBJ_DIR)
	@echo "$(GREEN)Compiling:$(NORMAL)"
	$(ARCH) $(CC) -c $< -o $@ 			
	

# Not a target:
src/frac_hook.c:
#  Implicit rule search has been done.
#  Last modified 2022-04-13 16:57:03
#  File has been updated.
#  Successfully updated.
# variable set hash-table stats:
# Load=0/32=0%, Rehash=0, Collisions=0/0=0%

# Not a target:
src/burningship.c:
#  Implicit rule search has been done.
#  Last modified 2022-04-18 12:51:44
#  File has been updated.
#  Successfully updated.
# variable set hash-table stats:
# Load=0/32=0%, Rehash=0, Collisions=0/0=0%

# Not a target:
src/frac_plot.c:
#  Implicit rule search has been done.
#  Last modified 2022-04-18 12:45:46
#  File has been updated.
#  Successfully updated.
# variable set hash-table stats:
# Load=0/32=0%, Rehash=0, Collisions=0/0=0%

# Not a target:
src/frac_exit.c:
#  Implicit rule search has been done.
#  Last modified 2022-04-10 21:10:22
#  File has been updated.
#  Successfully updated.
# variable set hash-table stats:
# Load=0/32=0%, Rehash=0, Collisions=0/0=0%

# files hash-table stats:
# Load=31/1024=3%, Rehash=0, Collisions=0/117=0%
# VPATH Search Paths

# No `vpath' search paths.

# No general (`VPATH' variable) search path.

# # of strings in strcache: 1
# # of strcache buffers: 1
# strcache size: total = 4096 / max = 4096 / min = 4096 / avg = 4096
# strcache free: total = 4087 / max = 4087 / min = 4087 / avg = 4087

# Finished Make data base on Mon Apr 18 13:17:32 2022

 
